0 info it worked if it ends with ok
1 verbose cli [ 'C:\\Program Files\\nodejs\\\\node.exe',
1 verbose cli   'C:\\Program Files\\nodejs\\node_modules\\npm\\bin\\npm-cli.js',
1 verbose cli   'install',
1 verbose cli   'nightwath',
1 verbose cli   '--save-dev' ]
2 info using npm@1.4.28
3 info using node@v0.10.33
4 verbose node symlink C:\Program Files\nodejs\\node.exe
5 warn package.json reactjs-test@0.0.0 No repository field.
6 warn package.json reactjs-test@0.0.0 No README data
7 verbose readDependencies using package.json deps
8 verbose cache add [ 'nightwath', null ]
9 verbose cache add name=undefined spec="nightwath" args=["nightwath",null]
10 verbose parsed url { protocol: null,
10 verbose parsed url   slashes: null,
10 verbose parsed url   auth: null,
10 verbose parsed url   host: null,
10 verbose parsed url   port: null,
10 verbose parsed url   hostname: null,
10 verbose parsed url   hash: null,
10 verbose parsed url   search: null,
10 verbose parsed url   query: null,
10 verbose parsed url   pathname: 'nightwath',
10 verbose parsed url   path: 'nightwath',
10 verbose parsed url   href: 'nightwath' }
11 silly lockFile d406de82-nightwath nightwath
12 verbose lock nightwath C:\Users\CARLOS\AppData\Roaming\npm-cache\d406de82-nightwath.lock
13 silly lockFile d406de82-nightwath nightwath
14 silly lockFile d406de82-nightwath nightwath
15 verbose addNamed [ 'nightwath', '' ]
16 verbose addNamed [ null, '*' ]
17 silly lockFile 4a599a68-nightwath nightwath@
18 verbose lock nightwath@ C:\Users\CARLOS\AppData\Roaming\npm-cache\4a599a68-nightwath.lock
19 silly addNameRange { name: 'nightwath', range: '*', hasData: false }
20 verbose request where is /nightwath
21 verbose request registry https://registry.npmjs.org/
22 verbose request id 6f68d4500255018a
23 verbose url raw /nightwath
24 verbose url resolving [ 'https://registry.npmjs.org/', './nightwath' ]
25 verbose url resolved https://registry.npmjs.org/nightwath
26 verbose request where is https://registry.npmjs.org/nightwath
27 info trying registry request attempt 1 at 09:30:18
28 http GET https://registry.npmjs.org/nightwath
29 http 404 https://registry.npmjs.org/nightwath
30 verbose headers { date: 'Thu, 13 Nov 2014 08:30:19 GMT',
30 verbose headers   server: 'CouchDB/1.5.0 (Erlang OTP/R16B03)',
30 verbose headers   'content-type': 'application/json',
30 verbose headers   'cache-control': 'max-age=0',
30 verbose headers   'content-length': '52',
30 verbose headers   'accept-ranges': 'bytes',
30 verbose headers   via: '1.1 varnish',
30 verbose headers   age: '0',
30 verbose headers   'x-served-by': 'cache-lhr6320-LHR',
30 verbose headers   'x-cache': 'MISS',
30 verbose headers   'x-cache-hits': '0',
30 verbose headers   'x-timer': 'S1415867418.906995,VS0,VE354',
30 verbose headers   'keep-alive': 'timeout=10, max=50',
30 verbose headers   connection: 'Keep-Alive' }
31 silly registry.get cb [ 404,
31 silly registry.get   { date: 'Thu, 13 Nov 2014 08:30:19 GMT',
31 silly registry.get     server: 'CouchDB/1.5.0 (Erlang OTP/R16B03)',
31 silly registry.get     'content-type': 'application/json',
31 silly registry.get     'cache-control': 'max-age=0',
31 silly registry.get     'content-length': '52',
31 silly registry.get     'accept-ranges': 'bytes',
31 silly registry.get     via: '1.1 varnish',
31 silly registry.get     age: '0',
31 silly registry.get     'x-served-by': 'cache-lhr6320-LHR',
31 silly registry.get     'x-cache': 'MISS',
31 silly registry.get     'x-cache-hits': '0',
31 silly registry.get     'x-timer': 'S1415867418.906995,VS0,VE354',
31 silly registry.get     'keep-alive': 'timeout=10, max=50',
31 silly registry.get     connection: 'Keep-Alive' } ]
32 silly lockFile 4a599a68-nightwath nightwath@
33 silly lockFile 4a599a68-nightwath nightwath@
34 error 404 404 Not Found: nightwath
34 error 404
34 error 404 'nightwath' is not in the npm registry.
34 error 404 You should bug the author to publish it
34 error 404 It was specified as a dependency of 'reactjs-test'
34 error 404
34 error 404 Note that you can also install from a
34 error 404 tarball, folder, or http url, or git url.
35 error System Windows_NT 6.1.7601
36 error command "C:\\Program Files\\nodejs\\\\node.exe" "C:\\Program Files\\nodejs\\node_modules\\npm\\bin\\npm-cli.js" "install" "nightwath" "--save-dev"
37 error cwd D:\ProyectosPruebas\reactjs-test
38 error node -v v0.10.33
39 error npm -v 1.4.28
40 error code E404
41 verbose exit [ 1, true ]
